<?xml version="1.0" encoding="UTF-8"?>
<testsuite name="agh.ics.oop.AnimalTest" tests="1" skipped="0" failures="0" errors="0" timestamp="2022-11-21T18:42:28" hostname="DESKTOP-M9COKB4" time="0.021">
  <properties/>
  <testcase name="IntegrationTest()" classname="agh.ics.oop.AnimalTest" time="0.021"/>
  <system-out><![CDATA[]]></system-out>
  <system-err><![CDATA[]]></system-err>
</testsuite>
