<?xml version="1.0" encoding="UTF-8"?>
<testsuite name="agh.ics.oop.AnimalTest" tests="4" skipped="0" failures="0" errors="0" timestamp="2022-11-06T16:18:34" hostname="DESKTOP-M9COKB4" time="0.027">
  <properties/>
  <testcase name="boundariesTest()" classname="agh.ics.oop.AnimalTest" time="0.024"/>
  <testcase name="orientationTest()" classname="agh.ics.oop.AnimalTest" time="0.001"/>
  <testcase name="positionTest()" classname="agh.ics.oop.AnimalTest" time="0.001"/>
  <testcase name="inputTest()" classname="agh.ics.oop.AnimalTest" time="0.001"/>
  <system-out><![CDATA[]]></system-out>
  <system-err><![CDATA[]]></system-err>
</testsuite>
