<?xml version="1.0" encoding="UTF-8"?>
<testsuite name="agh.ics.oop.Vector2dTest" tests="1" skipped="0" failures="0" errors="0" timestamp="2022-11-28T14:00:01" hostname="DESKTOP-M9COKB4" time="0.016">
  <properties/>
  <testcase name="equalsTest()" classname="agh.ics.oop.Vector2dTest" time="0.016"/>
  <system-out><![CDATA[]]></system-out>
  <system-err><![CDATA[]]></system-err>
</testsuite>
