<?xml version="1.0" encoding="UTF-8"?>
<testsuite name="agh.ics.oop.RectangularMapTest" tests="1" skipped="0" failures="0" errors="0" timestamp="2022-12-12T18:21:14" hostname="DESKTOP-M9COKB4" time="0.022">
  <properties/>
  <testcase name="placeTest()" classname="agh.ics.oop.RectangularMapTest" time="0.022"/>
  <system-out><![CDATA[]]></system-out>
  <system-err><![CDATA[]]></system-err>
</testsuite>
